0 info it worked if it ends with ok
1 verbose cli [ 'C:\\Program Files\\nodejs\\node.exe',
1 verbose cli   'C:\\Program Files\\nodejs\\node_modules\\npm\\bin\\npm-cli.js',
1 verbose cli   'run',
1 verbose cli   'dev' ]
2 info using npm@3.6.0
3 info using node@v5.7.0
4 verbose run-script [ 'predev', 'dev', 'postdev' ]
5 info lifecycle exportng@1.0.0~predev: exportng@1.0.0
6 silly lifecycle exportng@1.0.0~predev: no script for predev, continuing
7 info lifecycle exportng@1.0.0~dev: exportng@1.0.0
8 verbose lifecycle exportng@1.0.0~dev: unsafe-perm in lifecycle true
9 verbose lifecycle exportng@1.0.0~dev: PATH: C:\Program Files\nodejs\node_modules\npm\bin\node-gyp-bin;C:\Users\Martin\documents\exportng\node_modules\.bin;C:\Users\Martin\bin;C:\Program Files\Git\mingw64\bin;C:\Program Files\Git\usr\local\bin;C:\Program Files\Git\usr\bin;C:\Program Files\Git\usr\bin;C:\Program Files\Git\mingw64\bin;C:\Program Files\Git\usr\bin;C:\ProgramData\Oracle\Java\javapath;C:\Program Files (x86)\Lenovo\FusionEngine;C:\Program Files (x86)\Intel\iCLS Client;C:\Program Files\Intel\iCLS Client;C:\WINDOWS\system32;C:\WINDOWS;C:\WINDOWS\System32\Wbem;C:\WINDOWS\System32\WindowsPowerShell\v1.0;C:\Program Files\Intel\Intel(R) Management Engine Components\DAL;C:\Program Files (x86)\Intel\Intel(R) Management Engine Components\DAL;C:\Program Files\Intel\Intel(R) Management Engine Components\IPT;C:\Program Files (x86)\Intel\Intel(R) Management Engine Components\IPT;C:\Program Files\Intel\WiFi\bin;C:\Program Files\Common Files\Intel\WirelessCommon;C:\Program Files (x86)\Lenovo\Motion Control;C:\Program Files (x86)\Common Files\lenovo\easyplussdk\bin;C:\WINDOWS\system32\config\systemprofile\.dnx\bin;C:\Program Files\Microsoft DNX\Dnvm;C:\Program Files\MongoDB\Server\3.2\bin;C:\Users\Martin\AppData\Roaming\nvm;C:\Program Files\nodejs;C:\Program Files (x86)\Brackets\command;C:\Program Files\nodejs;C:\Users\Martin\AppData\Roaming\nvm;C:\Program Files\nodejs;C:\Users\Martin\AppData\Local\atom\bin;C:\Users\Martin\AppData\Local\.meteor;C:\Program Files (x86)\Microsoft VS Code\bin;C:\Users\Martin\AppData\Roaming\npm;C:\Program Files\Git\usr\bin\vendor_perl;C:\Program Files\Git\usr\bin\core_perl
10 verbose lifecycle exportng@1.0.0~dev: CWD: C:\Users\Martin\documents\exportng
11 silly lifecycle exportng@1.0.0~dev: Args: [ '/d /s /c', 'lite-server' ]
12 silly lifecycle exportng@1.0.0~dev: Returned: code: 1  signal: null
13 info lifecycle exportng@1.0.0~dev: Failed to exec dev script
14 verbose stack Error: exportng@1.0.0 dev: `lite-server`
14 verbose stack Exit status 1
14 verbose stack     at EventEmitter.<anonymous> (C:\Program Files\nodejs\node_modules\npm\lib\utils\lifecycle.js:232:16)
14 verbose stack     at emitTwo (events.js:100:13)
14 verbose stack     at EventEmitter.emit (events.js:185:7)
14 verbose stack     at ChildProcess.<anonymous> (C:\Program Files\nodejs\node_modules\npm\lib\utils\spawn.js:24:14)
14 verbose stack     at emitTwo (events.js:100:13)
14 verbose stack     at ChildProcess.emit (events.js:185:7)
14 verbose stack     at maybeClose (internal/child_process.js:827:16)
14 verbose stack     at Process.ChildProcess._handle.onexit (internal/child_process.js:211:5)
15 verbose pkgid exportng@1.0.0
16 verbose cwd C:\Users\Martin\documents\exportng
17 error Windows_NT 10.0.10586
18 error argv "C:\\Program Files\\nodejs\\node.exe" "C:\\Program Files\\nodejs\\node_modules\\npm\\bin\\npm-cli.js" "run" "dev"
19 error node v5.7.0
20 error npm  v3.6.0
21 error code ELIFECYCLE
22 error exportng@1.0.0 dev: `lite-server`
22 error Exit status 1
23 error Failed at the exportng@1.0.0 dev script 'lite-server'.
23 error Make sure you have the latest version of node.js and npm installed.
23 error If you do, this is most likely a problem with the exportng package,
23 error not with npm itself.
23 error Tell the author that this fails on your system:
23 error     lite-server
23 error You can get information on how to open an issue for this project with:
23 error     npm bugs exportng
23 error Or if that isn't available, you can get their info via:
23 error     npm owner ls exportng
23 error There is likely additional logging output above.
24 verbose exit [ 1, true ]
